<?xml version="1.0" encoding="UTF-8"?>
<testsuite xmlns:xsi="http://www.w3.org/2001/XMLSchema-instance" xsi:noNamespaceSchemaLocation="https://maven.apache.org/surefire/maven-surefire-plugin/xsd/surefire-test-report.xsd" version="3.0.2" name="edu.eci.arsw.warehouse.InvariantCheckerTest" time="0.894" tests="2" errors="0" skipped="0" failures="0">
  <properties>
[...]
</properties>
  <testcase name="rejectsDuplicateArrivalPositions" classname="edu.eci.arsw.warehouse.InvariantCheckerTest" time="0.442"/>
  <testcase name="acceptsAConsistentSnapshot" classname="edu.eci.arsw.warehouse.InvariantCheckerTest" time="0.051"/>
</testsuite>